# JRE version: OpenJDK Runtime Environment Microsoft-25199 (11.0.12+7) (build 11.0.12+7)
# Java VM: OpenJDK 64-Bit Server VM Microsoft-25199 (11.0.12+7, mixed mode, tiered, compressed oops, g1 gc, windows-amd64)
Heap:
 garbage-first heap   total 528384K, used 307965K [0x00000000c0000000, 0x0000000100000000)
  region size 1024K, 90 young (92160K), 3 survivors (3072K)
 Metaspace       used 25011K, capacity 25594K, committed 25852K, reserved 1073152K
  class space    used 2697K, capacity 2982K, committed 3072K, reserved 1048576K
GC Heap History (20 events):
Event: 33.268 GC heap before
{Heap before GC invocations=44 (full 0):
 garbage-first heap   total 528384K, used 457112K [0x00000000c0000000, 0x0000000100000000)
  region size 1024K, 226 young (231424K), 3 survivors (3072K)
 Metaspace       used 24956K, capacity 25585K, committed 25852K, reserved 1073152K
  class space    used 2694K, capacity 2980K, committed 3072K, reserved 1048576K
}
Event: 33.277 GC heap after
{Heap after GC invocations=45 (full 0):
 garbage-first heap   total 528384K, used 230226K [0x00000000c0000000, 0x0000000100000000)
  region size 1024K, 5 young (5120K), 5 survivors (5120K)
 Metaspace       used 24956K, capacity 25585K, committed 25852K, reserved 1073152K
  class space    used 2694K, capacity 2980K, committed 3072K, reserved 1048576K
}
Event: 35.721 GC heap before
{Heap before GC invocations=45 (full 0):
 garbage-first heap   total 528384K, used 459602K [0x00000000c0000000, 0x0000000100000000)
  region size 1024K, 229 young (234496K), 5 survivors (5120K)
 Metaspace       used 24960K, capacity 25586K, committed 25852K, reserved 1073152K
  class space    used 2694K, capacity 2980K, committed 3072K, reserved 1048576K
}
Event: 35.735 GC heap after
{Heap after GC invocations=46 (full 0):
 garbage-first heap   total 528384K, used 231303K [0x00000000c0000000, 0x0000000100000000)
  region size 1024K, 6 young (6144K), 6 survivors (6144K)
 Metaspace       used 24960K, capacity 25586K, committed 25852K, reserved 1073152K
  class space    used 2694K, capacity 2980K, committed 3072K, reserved 1048576K
}
Event: 38.685 GC heap before
{Heap before GC invocations=47 (full 0):
 garbage-first heap   total 528384K, used 464775K [0x00000000c0000000, 0x0000000100000000)
  region size 1024K, 234 young (239616K), 6 survivors (6144K)
 Metaspace       used 24970K, capacity 25589K, committed 25852K, reserved 1073152K
  class space    used 2696K, capacity 2981K, committed 3072K, reserved 1048576K
}
Event: 38.700 GC heap after
{Heap after GC invocations=48 (full 0):
 garbage-first heap   total 528384K, used 232838K [0x00000000c0000000, 0x0000000100000000)
  region size 1024K, 7 young (7168K), 7 survivors (7168K)
 Metaspace       used 24970K, capacity 25589K, committed 25852K, reserved 1073152K
  class space    used 2696K, capacity 2981K, committed 3072K, reserved 1048576K
}
Event: 38.779 GC heap before
{Heap before GC invocations=48 (full 0):
 garbage-first heap   total 528384K, used 251270K [0x00000000c0000000, 0x0000000100000000)
  region size 1024K, 25 young (25600K), 7 survivors (7168K)
 Metaspace       used 24970K, capacity 25589K, committed 25852K, reserved 1073152K
  class space    used 2696K, capacity 2981K, committed 3072K, reserved 1048576K
}
Event: 38.794 GC heap after
{Heap after GC invocations=49 (full 0):
 garbage-first heap   total 528384K, used 223048K [0x00000000c0000000, 0x0000000100000000)
  region size 1024K, 2 young (2048K), 2 survivors (2048K)
 Metaspace       used 24970K, capacity 25589K, committed 25852K, reserved 1073152K
  class space    used 2696K, capacity 2981K, committed 3072K, reserved 1048576K
}
Event: 40.848 GC heap before
{Heap before GC invocations=49 (full 0):
 garbage-first heap   total 528384K, used 467784K [0x00000000c0000000, 0x0000000100000000)
  region size 1024K, 239 young (244736K), 2 survivors (2048K)
 Metaspace       used 24977K, capacity 25589K, committed 25852K, reserved 1073152K
  class space    used 2696K, capacity 2981K, committed 3072K, reserved 1048576K
}
Event: 40.856 GC heap after
{Heap after GC invocations=50 (full 0):
 garbage-first heap   total 528384K, used 226381K [0x00000000c0000000, 0x0000000100000000)
  region size 1024K, 4 young (4096K), 4 survivors (4096K)
 Metaspace       used 24977K, capacity 25589K, committed 25852K, reserved 1073152K
  class space    used 2696K, capacity 2981K, committed 3072K, reserved 1048576K
}
Event: 42.302 GC heap before
{Heap before GC invocations=50 (full 0):
 garbage-first heap   total 528384K, used 465997K [0x00000000c0000000, 0x0000000100000000)
  region size 1024K, 238 young (243712K), 4 survivors (4096K)
 Metaspace       used 24993K, capacity 25590K, committed 25852K, reserved 1073152K
  class space    used 2696K, capacity 2981K, committed 3072K, reserved 1048576K
}
Event: 42.312 GC heap after
{Heap after GC invocations=51 (full 0):
 garbage-first heap   total 528384K, used 227291K [0x00000000c0000000, 0x0000000100000000)
  region size 1024K, 5 young (5120K), 5 survivors (5120K)
 Metaspace       used 24993K, capacity 25590K, committed 25852K, reserved 1073152K
  class space    used 2696K, capacity 2981K, committed 3072K, reserved 1048576K
}
Event: 43.344 GC heap before
{Heap before GC invocations=51 (full 0):
 garbage-first heap   total 528384K, used 466907K [0x00000000c0000000, 0x0000000100000000)
  region size 1024K, 239 young (244736K), 5 survivors (5120K)
 Metaspace       used 24997K, capacity 25590K, committed 25852K, reserved 1073152K
  class space    used 2696K, capacity 2981K, committed 3072K, reserved 1048576K
}
Event: 43.354 GC heap after
{Heap after GC invocations=52 (full 0):
 garbage-first heap   total 528384K, used 228070K [0x00000000c0000000, 0x0000000100000000)
  region size 1024K, 5 young (5120K), 5 survivors (5120K)
 Metaspace       used 24997K, capacity 25590K, committed 25852K, reserved 1073152K
  class space    used 2696K, capacity 2981K, committed 3072K, reserved 1048576K
}
Event: 45.276 GC heap before
{Heap before GC invocations=53 (full 0):
 garbage-first heap   total 528384K, used 467686K [0x00000000c0000000, 0x0000000100000000)
  region size 1024K, 240 young (245760K), 5 survivors (5120K)
 Metaspace       used 25004K, capacity 25591K, committed 25852K, reserved 1073152K
  class space    used 2696K, capacity 2981K, committed 3072K, reserved 1048576K
}
Event: 45.288 GC heap after
{Heap after GC invocations=54 (full 0):
 garbage-first heap   total 528384K, used 229057K [0x00000000c0000000, 0x0000000100000000)
  region size 1024K, 7 young (7168K), 7 survivors (7168K)
 Metaspace       used 25004K, capacity 25591K, committed 25852K, reserved 1073152K
  class space    used 2696K, capacity 2981K, committed 3072K, reserved 1048576K
}
Event: 45.396 GC heap before
{Heap before GC invocations=54 (full 0):
 garbage-first heap   total 528384K, used 247489K [0x00000000c0000000, 0x0000000100000000)
  region size 1024K, 25 young (25600K), 7 survivors (7168K)
 Metaspace       used 25004K, capacity 25591K, committed 25852K, reserved 1073152K
  class space    used 2696K, capacity 2981K, committed 3072K, reserved 1048576K
}
Event: 45.415 GC heap after
{Heap after GC invocations=55 (full 0):
 garbage-first heap   total 528384K, used 221104K [0x00000000c0000000, 0x0000000100000000)
  region size 1024K, 4 young (4096K), 4 survivors (4096K)
 Metaspace       used 25004K, capacity 25591K, committed 25852K, reserved 1073152K
  class space    used 2696K, capacity 2981K, committed 3072K, reserved 1048576K
}
Event: 46.600 GC heap before
{Heap before GC invocations=55 (full 0):
 garbage-first heap   total 528384K, used 463792K [0x00000000c0000000, 0x0000000100000000)
  region size 1024K, 241 young (246784K), 4 survivors (4096K)
 Metaspace       used 25008K, capacity 25591K, committed 25852K, reserved 1073152K
  class space    used 2696K, capacity 2981K, committed 3072K, reserved 1048576K
}
Event: 46.609 GC heap after
{Heap after GC invocations=56 (full 0):
 garbage-first heap   total 528384K, used 219901K [0x00000000c0000000, 0x0000000100000000)
  region size 1024K, 3 young (3072K), 3 survivors (3072K)
 Metaspace       used 25008K, capacity 25591K, committed 25852K, reserved 1073152K
  class space    used 2696K, capacity 2981K, committed 3072K, reserved 1048576K
}

